2026/01/21 18:54:17 [notice] 1#1: using the "epoll" event method
2026/01/21 18:54:17 [notice] 1#1: nginx/1.29.4
2026/01/21 18:54:17 [notice] 1#1: built by gcc 14.2.0 (Debian 14.2.0-19) 
2026/01/21 18:54:17 [notice] 1#1: OS: Linux 6.8.0-90-generic
2026/01/21 18:54:17 [notice] 1#1: getrlimit(RLIMIT_NOFILE): 1024:524288
2026/01/21 18:54:17 [notice] 1#1: start worker processes
2026/01/21 18:54:17 [notice] 1#1: start worker process 28
2026/01/21 18:54:17 [notice] 1#1: start worker process 29
2026/01/21 18:54:17 [notice] 1#1: start worker process 30
2026/01/21 18:54:17 [notice] 1#1: start worker process 31
2026/01/21 18:54:17 [notice] 1#1: start worker process 32
2026/01/21 18:54:17 [notice] 1#1: start worker process 33
2026/01/21 18:54:17 [notice] 1#1: start worker process 34
2026/01/21 18:54:17 [notice] 1#1: start worker process 35
2026/01/21 18:54:17 [notice] 1#1: start worker process 36
2026/01/21 18:54:17 [notice] 1#1: start worker process 37
2026/01/21 18:54:17 [notice] 1#1: start worker process 38
2026/01/21 18:54:17 [notice] 1#1: start worker process 39
2026/01/21 19:46:37 [notice] 1#1: signal 3 (SIGQUIT) received, shutting down
2026/01/21 19:46:37 [notice] 28#28: gracefully shutting down
2026/01/21 19:46:37 [notice] 29#29: gracefully shutting down
2026/01/21 19:46:37 [notice] 30#30: gracefully shutting down
2026/01/21 19:46:37 [notice] 31#31: gracefully shutting down
2026/01/21 19:46:37 [notice] 32#32: gracefully shutting down
2026/01/21 19:46:37 [notice] 34#34: gracefully shutting down
2026/01/21 19:46:37 [notice] 35#35: gracefully shutting down
2026/01/21 19:46:37 [notice] 33#33: gracefully shutting down
2026/01/21 19:46:37 [notice] 28#28: exiting
2026/01/21 19:46:37 [notice] 29#29: exiting
2026/01/21 19:46:37 [notice] 30#30: exiting
2026/01/21 19:46:37 [notice] 31#31: exiting
2026/01/21 19:46:37 [notice] 36#36: gracefully shutting down
2026/01/21 19:46:37 [notice] 32#32: exiting
2026/01/21 19:46:37 [notice] 35#35: exiting
2026/01/21 19:46:37 [notice] 34#34: exiting
2026/01/21 19:46:37 [notice] 33#33: exiting
2026/01/21 19:46:37 [notice] 36#36: exiting
2026/01/21 19:46:37 [notice] 37#37: gracefully shutting down
2026/01/21 19:46:37 [notice] 30#30: exit
2026/01/21 19:46:37 [notice] 33#33: exit
2026/01/21 19:46:37 [notice] 37#37: exiting
2026/01/21 19:46:37 [notice] 32#32: exit
2026/01/21 19:46:37 [notice] 29#29: exit
2026/01/21 19:46:37 [notice] 31#31: exit
2026/01/21 19:46:37 [notice] 36#36: exit
2026/01/21 19:46:37 [notice] 34#34: exit
2026/01/21 19:46:37 [notice] 35#35: exit
2026/01/21 19:46:37 [notice] 37#37: exit
2026/01/21 19:46:37 [notice] 28#28: exit
2026/01/21 19:46:37 [notice] 38#38: gracefully shutting down
2026/01/21 19:46:37 [notice] 39#39: gracefully shutting down
2026/01/21 19:46:37 [notice] 38#38: exiting
2026/01/21 19:46:37 [notice] 39#39: exiting
2026/01/21 19:46:37 [notice] 38#38: exit
2026/01/21 19:46:37 [notice] 39#39: exit
2026/01/21 19:46:37 [notice] 1#1: signal 17 (SIGCHLD) received from 37
2026/01/21 19:46:37 [notice] 1#1: worker process 37 exited with code 0
2026/01/21 19:46:37 [notice] 1#1: signal 29 (SIGIO) received
2026/01/21 19:46:37 [notice] 1#1: signal 17 (SIGCHLD) received from 32
2026/01/21 19:46:37 [notice] 1#1: worker process 32 exited with code 0
2026/01/21 19:46:37 [notice] 1#1: signal 29 (SIGIO) received
2026/01/21 19:46:37 [notice] 1#1: signal 17 (SIGCHLD) received from 30
2026/01/21 19:46:37 [notice] 1#1: worker process 30 exited with code 0
2026/01/21 19:46:37 [notice] 1#1: worker process 34 exited with code 0
2026/01/21 19:46:37 [notice] 1#1: worker process 35 exited with code 0
2026/01/21 19:46:37 [notice] 1#1: worker process 36 exited with code 0
2026/01/21 19:46:37 [notice] 1#1: signal 29 (SIGIO) received
2026/01/21 19:46:37 [notice] 1#1: signal 17 (SIGCHLD) received from 35
2026/01/21 19:46:37 [notice] 1#1: worker process 29 exited with code 0
2026/01/21 19:46:37 [notice] 1#1: worker process 39 exited with code 0
2026/01/21 19:46:37 [notice] 1#1: signal 29 (SIGIO) received
2026/01/21 19:46:37 [notice] 1#1: signal 17 (SIGCHLD) received from 33
2026/01/21 19:46:37 [notice] 1#1: worker process 33 exited with code 0
2026/01/21 19:46:37 [notice] 1#1: signal 29 (SIGIO) received
2026/01/21 19:46:37 [notice] 1#1: signal 17 (SIGCHLD) received from 31
2026/01/21 19:46:37 [notice] 1#1: worker process 31 exited with code 0
2026/01/21 19:46:37 [notice] 1#1: signal 29 (SIGIO) received
2026/01/21 19:46:37 [notice] 1#1: signal 17 (SIGCHLD) received from 38
2026/01/21 19:46:37 [notice] 1#1: worker process 38 exited with code 0
2026/01/21 19:46:37 [notice] 1#1: signal 29 (SIGIO) received
2026/01/21 19:46:37 [notice] 1#1: signal 17 (SIGCHLD) received from 28
2026/01/21 19:46:37 [notice] 1#1: worker process 28 exited with code 0
2026/01/21 19:46:37 [notice] 1#1: exit
2026/01/21 19:47:55 [notice] 1#1: using the "epoll" event method
2026/01/21 19:47:55 [notice] 1#1: nginx/1.29.4
2026/01/21 19:47:55 [notice] 1#1: built by gcc 14.2.0 (Debian 14.2.0-19) 
2026/01/21 19:47:55 [notice] 1#1: OS: Linux 6.8.0-90-generic
2026/01/21 19:47:55 [notice] 1#1: getrlimit(RLIMIT_NOFILE): 1024:524288
2026/01/21 19:47:55 [notice] 1#1: start worker processes
2026/01/21 19:47:55 [notice] 1#1: start worker process 28
2026/01/21 19:47:55 [notice] 1#1: start worker process 29
2026/01/21 19:47:55 [notice] 1#1: start worker process 30
2026/01/21 19:47:55 [notice] 1#1: start worker process 31
2026/01/21 19:47:55 [notice] 1#1: start worker process 32
2026/01/21 19:47:55 [notice] 1#1: start worker process 33
2026/01/21 19:47:55 [notice] 1#1: start worker process 34
2026/01/21 19:47:55 [notice] 1#1: start worker process 35
2026/01/21 19:47:55 [notice] 1#1: start worker process 36
2026/01/21 19:47:55 [notice] 1#1: start worker process 37
2026/01/21 19:47:55 [notice] 1#1: start worker process 38
2026/01/21 19:47:55 [notice] 1#1: start worker process 39
2026/01/21 19:49:50 [notice] 1#1: signal 3 (SIGQUIT) received, shutting down
2026/01/21 19:49:50 [notice] 28#28: gracefully shutting down
2026/01/21 19:49:50 [notice] 29#29: gracefully shutting down
2026/01/21 19:49:50 [notice] 30#30: gracefully shutting down
2026/01/21 19:49:50 [notice] 31#31: gracefully shutting down
2026/01/21 19:49:50 [notice] 34#34: gracefully shutting down
2026/01/21 19:49:50 [notice] 32#32: gracefully shutting down
2026/01/21 19:49:50 [notice] 33#33: gracefully shutting down
2026/01/21 19:49:50 [notice] 29#29: exiting
2026/01/21 19:49:50 [notice] 37#37: gracefully shutting down
2026/01/21 19:49:50 [notice] 30#30: exiting
2026/01/21 19:49:50 [notice] 28#28: exiting
2026/01/21 19:49:50 [notice] 31#31: exiting
2026/01/21 19:49:50 [notice] 36#36: gracefully shutting down
2026/01/21 19:49:50 [notice] 34#34: exiting
2026/01/21 19:49:50 [notice] 35#35: gracefully shutting down
2026/01/21 19:49:50 [notice] 37#37: exiting
2026/01/21 19:49:50 [notice] 32#32: exiting
2026/01/21 19:49:50 [notice] 33#33: exiting
2026/01/21 19:49:50 [notice] 36#36: exiting
2026/01/21 19:49:50 [notice] 35#35: exiting
2026/01/21 19:49:50 [notice] 29#29: exit
2026/01/21 19:49:50 [notice] 30#30: exit
2026/01/21 19:49:50 [notice] 31#31: exit
2026/01/21 19:49:50 [notice] 34#34: exit
2026/01/21 19:49:50 [notice] 28#28: exit
2026/01/21 19:49:50 [notice] 37#37: exit
2026/01/21 19:49:50 [notice] 33#33: exit
2026/01/21 19:49:50 [notice] 32#32: exit
2026/01/21 19:49:50 [notice] 36#36: exit
2026/01/21 19:49:50 [notice] 35#35: exit
2026/01/21 19:49:50 [notice] 38#38: gracefully shutting down
2026/01/21 19:49:50 [notice] 39#39: gracefully shutting down
2026/01/21 19:49:50 [notice] 38#38: exiting
2026/01/21 19:49:50 [notice] 39#39: exiting
2026/01/21 19:49:50 [notice] 38#38: exit
2026/01/21 19:49:50 [notice] 39#39: exit
2026/01/21 19:49:50 [notice] 1#1: signal 17 (SIGCHLD) received from 35
2026/01/21 19:49:50 [notice] 1#1: worker process 29 exited with code 0
2026/01/21 19:49:50 [notice] 1#1: worker process 35 exited with code 0
2026/01/21 19:49:50 [notice] 1#1: worker process 28 exited with code 0
2026/01/21 19:49:50 [notice] 1#1: worker process 36 exited with code 0
2026/01/21 19:49:50 [notice] 1#1: worker process 38 exited with code 0
2026/01/21 19:49:50 [notice] 1#1: signal 29 (SIGIO) received
2026/01/21 19:49:50 [notice] 1#1: signal 17 (SIGCHLD) received from 36
2026/01/21 19:49:50 [notice] 1#1: signal 17 (SIGCHLD) received from 34
2026/01/21 19:49:50 [notice] 1#1: worker process 34 exited with code 0
2026/01/21 19:49:50 [notice] 1#1: signal 29 (SIGIO) received
2026/01/21 19:49:50 [notice] 1#1: signal 17 (SIGCHLD) received from 31
2026/01/21 19:49:50 [notice] 1#1: worker process 31 exited with code 0
2026/01/21 19:49:50 [notice] 1#1: signal 29 (SIGIO) received
2026/01/21 19:49:50 [notice] 1#1: signal 17 (SIGCHLD) received from 32
2026/01/21 19:49:50 [notice] 1#1: worker process 32 exited with code 0
2026/01/21 19:49:50 [notice] 1#1: signal 29 (SIGIO) received
2026/01/21 19:49:50 [notice] 1#1: signal 17 (SIGCHLD) received from 33
2026/01/21 19:49:50 [notice] 1#1: worker process 30 exited with code 0
2026/01/21 19:49:50 [notice] 1#1: worker process 33 exited with code 0
2026/01/21 19:49:50 [notice] 1#1: signal 29 (SIGIO) received
2026/01/21 19:49:50 [notice] 1#1: signal 17 (SIGCHLD) received from 39
2026/01/21 19:49:50 [notice] 1#1: worker process 39 exited with code 0
2026/01/21 19:49:50 [notice] 1#1: signal 17 (SIGCHLD) received from 37
2026/01/21 19:49:50 [notice] 1#1: worker process 37 exited with code 0
2026/01/21 19:49:50 [notice] 1#1: exit
2026/01/21 19:49:53 [notice] 1#1: using the "epoll" event method
2026/01/21 19:49:53 [notice] 1#1: nginx/1.29.4
2026/01/21 19:49:53 [notice] 1#1: built by gcc 14.2.0 (Debian 14.2.0-19) 
2026/01/21 19:49:53 [notice] 1#1: OS: Linux 6.8.0-90-generic
2026/01/21 19:49:53 [notice] 1#1: getrlimit(RLIMIT_NOFILE): 1024:524288
2026/01/21 19:49:53 [notice] 1#1: start worker processes
2026/01/21 19:49:53 [notice] 1#1: start worker process 28
2026/01/21 19:49:53 [notice] 1#1: start worker process 29
2026/01/21 19:49:53 [notice] 1#1: start worker process 30
2026/01/21 19:49:53 [notice] 1#1: start worker process 31
2026/01/21 19:49:53 [notice] 1#1: start worker process 32
2026/01/21 19:49:53 [notice] 1#1: start worker process 33
2026/01/21 19:49:53 [notice] 1#1: start worker process 34
2026/01/21 19:49:53 [notice] 1#1: start worker process 35
2026/01/21 19:49:53 [notice] 1#1: start worker process 36
2026/01/21 19:49:53 [notice] 1#1: start worker process 37
2026/01/21 19:49:53 [notice] 1#1: start worker process 38
2026/01/21 19:49:53 [notice] 1#1: start worker process 39
2026/01/21 20:07:49 [notice] 1#1: signal 3 (SIGQUIT) received, shutting down
2026/01/21 20:07:49 [notice] 28#28: gracefully shutting down
2026/01/21 20:07:49 [notice] 30#30: gracefully shutting down
2026/01/21 20:07:49 [notice] 31#31: gracefully shutting down
2026/01/21 20:07:49 [notice] 33#33: gracefully shutting down
2026/01/21 20:07:49 [notice] 28#28: exiting
2026/01/21 20:07:49 [notice] 30#30: exiting
2026/01/21 20:07:49 [notice] 31#31: exiting
2026/01/21 20:07:49 [notice] 29#29: gracefully shutting down
2026/01/21 20:07:49 [notice] 34#34: gracefully shutting down
2026/01/21 20:07:49 [notice] 33#33: exiting
2026/01/21 20:07:49 [notice] 32#32: gracefully shutting down
2026/01/21 20:07:49 [notice] 29#29: exiting
2026/01/21 20:07:49 [notice] 34#34: exiting
2026/01/21 20:07:49 [notice] 32#32: exiting
2026/01/21 20:07:49 [notice] 31#31: exit
2026/01/21 20:07:49 [notice] 28#28: exit
2026/01/21 20:07:49 [notice] 33#33: exit
2026/01/21 20:07:49 [notice] 30#30: exit
2026/01/21 20:07:49 [notice] 34#34: exit
2026/01/21 20:07:49 [notice] 29#29: exit
2026/01/21 20:07:49 [notice] 32#32: exit
2026/01/21 20:07:49 [notice] 36#36: gracefully shutting down
2026/01/21 20:07:49 [notice] 36#36: exiting
2026/01/21 20:07:49 [notice] 36#36: exit
2026/01/21 20:07:49 [notice] 37#37: gracefully shutting down
2026/01/21 20:07:49 [notice] 38#38: gracefully shutting down
2026/01/21 20:07:49 [notice] 37#37: exiting
2026/01/21 20:07:49 [notice] 39#39: gracefully shutting down
2026/01/21 20:07:49 [notice] 38#38: exiting
2026/01/21 20:07:49 [notice] 39#39: exiting
2026/01/21 20:07:49 [notice] 37#37: exit
2026/01/21 20:07:49 [notice] 38#38: exit
2026/01/21 20:07:49 [notice] 39#39: exit
2026/01/21 20:07:49 [notice] 35#35: gracefully shutting down
2026/01/21 20:07:49 [notice] 35#35: exiting
2026/01/21 20:07:49 [notice] 35#35: exit
2026/01/21 20:07:50 [notice] 1#1: signal 17 (SIGCHLD) received from 38
2026/01/21 20:07:50 [notice] 1#1: worker process 38 exited with code 0
2026/01/21 20:07:50 [notice] 1#1: signal 29 (SIGIO) received
2026/01/21 20:07:50 [notice] 1#1: signal 17 (SIGCHLD) received from 33
2026/01/21 20:07:50 [notice] 1#1: worker process 28 exited with code 0
2026/01/21 20:07:50 [notice] 1#1: worker process 29 exited with code 0
2026/01/21 20:07:50 [notice] 1#1: worker process 30 exited with code 0
2026/01/21 20:07:50 [notice] 1#1: worker process 31 exited with code 0
2026/01/21 20:07:50 [notice] 1#1: worker process 33 exited with code 0
2026/01/21 20:07:50 [notice] 1#1: worker process 34 exited with code 0
2026/01/21 20:07:50 [notice] 1#1: worker process 36 exited with code 0
2026/01/21 20:07:50 [notice] 1#1: worker process 37 exited with code 0
2026/01/21 20:07:50 [notice] 1#1: signal 29 (SIGIO) received
2026/01/21 20:07:50 [notice] 1#1: signal 17 (SIGCHLD) received from 31
2026/01/21 20:07:50 [notice] 1#1: signal 17 (SIGCHLD) received from 32
2026/01/21 20:07:50 [notice] 1#1: worker process 32 exited with code 0
2026/01/21 20:07:50 [notice] 1#1: signal 29 (SIGIO) received
2026/01/21 20:07:50 [notice] 1#1: signal 17 (SIGCHLD) received from 35
2026/01/21 20:07:50 [notice] 1#1: worker process 35 exited with code 0
2026/01/21 20:07:50 [notice] 1#1: signal 29 (SIGIO) received
2026/01/21 20:07:50 [notice] 1#1: signal 17 (SIGCHLD) received from 39
2026/01/21 20:07:50 [notice] 1#1: worker process 39 exited with code 0
2026/01/21 20:07:50 [notice] 1#1: exit
2026/01/21 20:07:53 [notice] 1#1: using the "epoll" event method
2026/01/21 20:07:53 [notice] 1#1: nginx/1.29.4
2026/01/21 20:07:53 [notice] 1#1: built by gcc 14.2.0 (Debian 14.2.0-19) 
2026/01/21 20:07:53 [notice] 1#1: OS: Linux 6.8.0-90-generic
2026/01/21 20:07:53 [notice] 1#1: getrlimit(RLIMIT_NOFILE): 1024:524288
2026/01/21 20:07:53 [notice] 1#1: start worker processes
2026/01/21 20:07:53 [notice] 1#1: start worker process 28
2026/01/21 20:07:53 [notice] 1#1: start worker process 29
2026/01/21 20:07:53 [notice] 1#1: start worker process 30
2026/01/21 20:07:53 [notice] 1#1: start worker process 31
2026/01/21 20:07:53 [notice] 1#1: start worker process 32
2026/01/21 20:07:53 [notice] 1#1: start worker process 33
2026/01/21 20:07:53 [notice] 1#1: start worker process 34
2026/01/21 20:07:53 [notice] 1#1: start worker process 35
2026/01/21 20:07:53 [notice] 1#1: start worker process 36
2026/01/21 20:07:53 [notice] 1#1: start worker process 37
2026/01/21 20:07:53 [notice] 1#1: start worker process 38
2026/01/21 20:07:53 [notice] 1#1: start worker process 39
2026/01/21 20:08:43 [notice] 1#1: signal 3 (SIGQUIT) received, shutting down
2026/01/21 20:08:43 [notice] 28#28: gracefully shutting down
2026/01/21 20:08:43 [notice] 30#30: gracefully shutting down
2026/01/21 20:08:43 [notice] 29#29: gracefully shutting down
2026/01/21 20:08:43 [notice] 28#28: exiting
2026/01/21 20:08:43 [notice] 29#29: exiting
2026/01/21 20:08:43 [notice] 30#30: exiting
2026/01/21 20:08:43 [notice] 31#31: gracefully shutting down
2026/01/21 20:08:43 [notice] 31#31: exiting
2026/01/21 20:08:43 [notice] 29#29: exit
2026/01/21 20:08:43 [notice] 28#28: exit
2026/01/21 20:08:43 [notice] 30#30: exit
2026/01/21 20:08:43 [notice] 31#31: exit
2026/01/21 20:08:43 [notice] 32#32: gracefully shutting down
2026/01/21 20:08:43 [notice] 32#32: exiting
2026/01/21 20:08:43 [notice] 32#32: exit
2026/01/21 20:08:43 [notice] 33#33: gracefully shutting down
2026/01/21 20:08:43 [notice] 33#33: exiting
2026/01/21 20:08:43 [notice] 34#34: gracefully shutting down
2026/01/21 20:08:43 [notice] 34#34: exiting
2026/01/21 20:08:43 [notice] 33#33: exit
2026/01/21 20:08:43 [notice] 34#34: exit
2026/01/21 20:08:43 [notice] 35#35: gracefully shutting down
2026/01/21 20:08:43 [notice] 35#35: exiting
2026/01/21 20:08:43 [notice] 35#35: exit
2026/01/21 20:08:43 [notice] 36#36: gracefully shutting down
2026/01/21 20:08:43 [notice] 36#36: exiting
2026/01/21 20:08:43 [notice] 36#36: exit
2026/01/21 20:08:43 [notice] 37#37: gracefully shutting down
2026/01/21 20:08:43 [notice] 37#37: exiting
2026/01/21 20:08:43 [notice] 37#37: exit
2026/01/21 20:08:43 [notice] 38#38: gracefully shutting down
2026/01/21 20:08:43 [notice] 38#38: exiting
2026/01/21 20:08:43 [notice] 38#38: exit
2026/01/21 20:08:43 [notice] 39#39: gracefully shutting down
2026/01/21 20:08:43 [notice] 39#39: exiting
2026/01/21 20:08:43 [notice] 39#39: exit
2026/01/21 20:08:43 [notice] 1#1: signal 17 (SIGCHLD) received from 33
2026/01/21 20:08:43 [notice] 1#1: worker process 33 exited with code 0
2026/01/21 20:08:43 [notice] 1#1: signal 29 (SIGIO) received
2026/01/21 20:08:43 [notice] 1#1: signal 17 (SIGCHLD) received from 38
2026/01/21 20:08:43 [notice] 1#1: worker process 31 exited with code 0
2026/01/21 20:08:43 [notice] 1#1: worker process 32 exited with code 0
2026/01/21 20:08:43 [notice] 1#1: worker process 36 exited with code 0
2026/01/21 20:08:43 [notice] 1#1: worker process 38 exited with code 0
2026/01/21 20:08:43 [notice] 1#1: signal 29 (SIGIO) received
2026/01/21 20:08:43 [notice] 1#1: signal 17 (SIGCHLD) received from 30
2026/01/21 20:08:43 [notice] 1#1: worker process 30 exited with code 0
2026/01/21 20:08:43 [notice] 1#1: signal 29 (SIGIO) received
2026/01/21 20:08:43 [notice] 1#1: signal 17 (SIGCHLD) received from 35
2026/01/21 20:08:43 [notice] 1#1: worker process 35 exited with code 0
2026/01/21 20:08:43 [notice] 1#1: signal 29 (SIGIO) received
2026/01/21 20:08:43 [notice] 1#1: signal 17 (SIGCHLD) received from 39
2026/01/21 20:08:43 [notice] 1#1: worker process 39 exited with code 0
2026/01/21 20:08:43 [notice] 1#1: signal 29 (SIGIO) received
2026/01/21 20:08:43 [notice] 1#1: signal 17 (SIGCHLD) received from 28
2026/01/21 20:08:43 [notice] 1#1: worker process 28 exited with code 0
2026/01/21 20:08:43 [notice] 1#1: signal 29 (SIGIO) received
2026/01/21 20:08:43 [notice] 1#1: signal 17 (SIGCHLD) received from 37
2026/01/21 20:08:43 [notice] 1#1: worker process 37 exited with code 0
2026/01/21 20:08:43 [notice] 1#1: signal 29 (SIGIO) received
2026/01/21 20:08:43 [notice] 1#1: signal 17 (SIGCHLD) received from 34
2026/01/21 20:08:43 [notice] 1#1: worker process 34 exited with code 0
2026/01/21 20:08:43 [notice] 1#1: signal 29 (SIGIO) received
2026/01/21 20:08:43 [notice] 1#1: signal 17 (SIGCHLD) received from 29
2026/01/21 20:08:43 [notice] 1#1: worker process 29 exited with code 0
2026/01/21 20:08:43 [notice] 1#1: exit
2026/01/21 20:09:18 [notice] 1#1: using the "epoll" event method
2026/01/21 20:09:18 [notice] 1#1: nginx/1.29.4
2026/01/21 20:09:18 [notice] 1#1: built by gcc 14.2.0 (Debian 14.2.0-19) 
2026/01/21 20:09:18 [notice] 1#1: OS: Linux 6.8.0-90-generic
2026/01/21 20:09:18 [notice] 1#1: getrlimit(RLIMIT_NOFILE): 1024:524288
2026/01/21 20:09:18 [notice] 1#1: start worker processes
2026/01/21 20:09:18 [notice] 1#1: start worker process 28
2026/01/21 20:09:18 [notice] 1#1: start worker process 29
2026/01/21 20:09:18 [notice] 1#1: start worker process 30
2026/01/21 20:09:18 [notice] 1#1: start worker process 31
2026/01/21 20:09:18 [notice] 1#1: start worker process 32
2026/01/21 20:09:18 [notice] 1#1: start worker process 33
2026/01/21 20:09:18 [notice] 1#1: start worker process 34
2026/01/21 20:09:18 [notice] 1#1: start worker process 35
2026/01/21 20:09:18 [notice] 1#1: start worker process 36
2026/01/21 20:09:18 [notice] 1#1: start worker process 37
2026/01/21 20:09:18 [notice] 1#1: start worker process 38
2026/01/21 20:09:18 [notice] 1#1: start worker process 39
2026/01/21 20:10:56 [notice] 1#1: signal 3 (SIGQUIT) received, shutting down
2026/01/21 20:10:56 [notice] 28#28: gracefully shutting down
2026/01/21 20:10:56 [notice] 29#29: gracefully shutting down
2026/01/21 20:10:56 [notice] 30#30: gracefully shutting down
2026/01/21 20:10:56 [notice] 33#33: gracefully shutting down
2026/01/21 20:10:56 [notice] 31#31: gracefully shutting down
2026/01/21 20:10:56 [notice] 32#32: gracefully shutting down
2026/01/21 20:10:56 [notice] 34#34: gracefully shutting down
2026/01/21 20:10:56 [notice] 35#35: gracefully shutting down
2026/01/21 20:10:56 [notice] 28#28: exiting
2026/01/21 20:10:56 [notice] 29#29: exiting
2026/01/21 20:10:56 [notice] 30#30: exiting
2026/01/21 20:10:56 [notice] 33#33: exiting
2026/01/21 20:10:56 [notice] 31#31: exiting
2026/01/21 20:10:56 [notice] 36#36: gracefully shutting down
2026/01/21 20:10:56 [notice] 32#32: exiting
2026/01/21 20:10:56 [notice] 34#34: exiting
2026/01/21 20:10:56 [notice] 35#35: exiting
2026/01/21 20:10:56 [notice] 36#36: exiting
2026/01/21 20:10:56 [notice] 31#31: exit
2026/01/21 20:10:56 [notice] 30#30: exit
2026/01/21 20:10:56 [notice] 32#32: exit
2026/01/21 20:10:56 [notice] 33#33: exit
2026/01/21 20:10:56 [notice] 34#34: exit
2026/01/21 20:10:56 [notice] 29#29: exit
2026/01/21 20:10:56 [notice] 35#35: exit
2026/01/21 20:10:56 [notice] 28#28: exit
2026/01/21 20:10:56 [notice] 36#36: exit
2026/01/21 20:10:56 [notice] 37#37: gracefully shutting down
2026/01/21 20:10:56 [notice] 37#37: exiting
2026/01/21 20:10:56 [notice] 37#37: exit
2026/01/21 20:10:56 [notice] 38#38: gracefully shutting down
2026/01/21 20:10:56 [notice] 39#39: gracefully shutting down
2026/01/21 20:10:56 [notice] 38#38: exiting
2026/01/21 20:10:56 [notice] 39#39: exiting
2026/01/21 20:10:56 [notice] 38#38: exit
2026/01/21 20:10:56 [notice] 39#39: exit
2026/01/21 20:10:56 [notice] 1#1: signal 17 (SIGCHLD) received from 37
2026/01/21 20:10:56 [notice] 1#1: worker process 37 exited with code 0
2026/01/21 20:10:56 [notice] 1#1: signal 29 (SIGIO) received
2026/01/21 20:10:56 [notice] 1#1: signal 17 (SIGCHLD) received from 28
2026/01/21 20:10:56 [notice] 1#1: worker process 28 exited with code 0
2026/01/21 20:10:56 [notice] 1#1: worker process 31 exited with code 0
2026/01/21 20:10:56 [notice] 1#1: signal 29 (SIGIO) received
2026/01/21 20:10:56 [notice] 1#1: signal 17 (SIGCHLD) received from 32
2026/01/21 20:10:56 [notice] 1#1: worker process 32 exited with code 0
2026/01/21 20:10:56 [notice] 1#1: worker process 35 exited with code 0
2026/01/21 20:10:56 [notice] 1#1: signal 29 (SIGIO) received
2026/01/21 20:10:56 [notice] 1#1: signal 17 (SIGCHLD) received from 34
2026/01/21 20:10:56 [notice] 1#1: worker process 34 exited with code 0
2026/01/21 20:10:56 [notice] 1#1: signal 29 (SIGIO) received
2026/01/21 20:10:56 [notice] 1#1: signal 17 (SIGCHLD) received from 36
2026/01/21 20:10:56 [notice] 1#1: worker process 36 exited with code 0
2026/01/21 20:10:56 [notice] 1#1: signal 29 (SIGIO) received
2026/01/21 20:10:56 [notice] 1#1: signal 17 (SIGCHLD) received from 39
2026/01/21 20:10:56 [notice] 1#1: worker process 33 exited with code 0
2026/01/21 20:10:56 [notice] 1#1: worker process 39 exited with code 0
2026/01/21 20:10:56 [notice] 1#1: signal 29 (SIGIO) received
2026/01/21 20:10:56 [notice] 1#1: signal 17 (SIGCHLD) received from 29
2026/01/21 20:10:56 [notice] 1#1: worker process 29 exited with code 0
2026/01/21 20:10:56 [notice] 1#1: signal 29 (SIGIO) received
2026/01/21 20:10:56 [notice] 1#1: signal 17 (SIGCHLD) received from 30
2026/01/21 20:10:56 [notice] 1#1: worker process 30 exited with code 0
2026/01/21 20:10:56 [notice] 1#1: signal 17 (SIGCHLD) received from 38
2026/01/21 20:10:56 [notice] 1#1: worker process 38 exited with code 0
2026/01/21 20:10:56 [notice] 1#1: exit
2026/01/21 20:10:59 [notice] 1#1: using the "epoll" event method
2026/01/21 20:10:59 [notice] 1#1: nginx/1.29.4
2026/01/21 20:10:59 [notice] 1#1: built by gcc 14.2.0 (Debian 14.2.0-19) 
2026/01/21 20:10:59 [notice] 1#1: OS: Linux 6.8.0-90-generic
2026/01/21 20:10:59 [notice] 1#1: getrlimit(RLIMIT_NOFILE): 1024:524288
2026/01/21 20:10:59 [notice] 1#1: start worker processes
2026/01/21 20:10:59 [notice] 1#1: start worker process 28
2026/01/21 20:10:59 [notice] 1#1: start worker process 29
2026/01/21 20:10:59 [notice] 1#1: start worker process 30
2026/01/21 20:10:59 [notice] 1#1: start worker process 31
2026/01/21 20:10:59 [notice] 1#1: start worker process 32
2026/01/21 20:10:59 [notice] 1#1: start worker process 33
2026/01/21 20:10:59 [notice] 1#1: start worker process 34
2026/01/21 20:10:59 [notice] 1#1: start worker process 35
2026/01/21 20:10:59 [notice] 1#1: start worker process 36
2026/01/21 20:10:59 [notice] 1#1: start worker process 37
2026/01/21 20:10:59 [notice] 1#1: start worker process 38
2026/01/21 20:10:59 [notice] 1#1: start worker process 39
2026/01/21 20:11:02 [notice] 1#1: signal 3 (SIGQUIT) received, shutting down
2026/01/21 20:11:02 [notice] 28#28: gracefully shutting down
2026/01/21 20:11:02 [notice] 29#29: gracefully shutting down
2026/01/21 20:11:02 [notice] 30#30: gracefully shutting down
2026/01/21 20:11:02 [notice] 31#31: gracefully shutting down
2026/01/21 20:11:02 [notice] 32#32: gracefully shutting down
2026/01/21 20:11:02 [notice] 33#33: gracefully shutting down
2026/01/21 20:11:02 [notice] 34#34: gracefully shutting down
2026/01/21 20:11:02 [notice] 35#35: gracefully shutting down
2026/01/21 20:11:02 [notice] 36#36: gracefully shutting down
2026/01/21 20:11:02 [notice] 28#28: exiting
2026/01/21 20:11:02 [notice] 29#29: exiting
2026/01/21 20:11:02 [notice] 30#30: exiting
2026/01/21 20:11:02 [notice] 37#37: gracefully shutting down
2026/01/21 20:11:02 [notice] 31#31: exiting
2026/01/21 20:11:02 [notice] 32#32: exiting
2026/01/21 20:11:02 [notice] 34#34: exiting
2026/01/21 20:11:02 [notice] 33#33: exiting
2026/01/21 20:11:02 [notice] 35#35: exiting
2026/01/21 20:11:02 [notice] 36#36: exiting
2026/01/21 20:11:02 [notice] 37#37: exiting
2026/01/21 20:11:02 [notice] 31#31: exit
2026/01/21 20:11:02 [notice] 29#29: exit
2026/01/21 20:11:02 [notice] 33#33: exit
2026/01/21 20:11:02 [notice] 34#34: exit
2026/01/21 20:11:02 [notice] 30#30: exit
2026/01/21 20:11:02 [notice] 32#32: exit
2026/01/21 20:11:02 [notice] 35#35: exit
2026/01/21 20:11:02 [notice] 28#28: exit
2026/01/21 20:11:02 [notice] 36#36: exit
2026/01/21 20:11:02 [notice] 37#37: exit
2026/01/21 20:11:02 [notice] 38#38: gracefully shutting down
2026/01/21 20:11:02 [notice] 39#39: gracefully shutting down
2026/01/21 20:11:02 [notice] 38#38: exiting
2026/01/21 20:11:02 [notice] 39#39: exiting
2026/01/21 20:11:02 [notice] 38#38: exit
2026/01/21 20:11:02 [notice] 39#39: exit
2026/01/21 20:11:02 [notice] 1#1: signal 17 (SIGCHLD) received from 32
2026/01/21 20:11:02 [notice] 1#1: worker process 32 exited with code 0
2026/01/21 20:11:02 [notice] 1#1: signal 29 (SIGIO) received
2026/01/21 20:11:02 [notice] 1#1: signal 17 (SIGCHLD) received from 28
2026/01/21 20:11:02 [notice] 1#1: worker process 28 exited with code 0
2026/01/21 20:11:02 [notice] 1#1: worker process 34 exited with code 0
2026/01/21 20:11:02 [notice] 1#1: signal 29 (SIGIO) received
2026/01/21 20:11:02 [notice] 1#1: signal 17 (SIGCHLD) received from 33
2026/01/21 20:11:02 [notice] 1#1: worker process 33 exited with code 0
2026/01/21 20:11:02 [notice] 1#1: signal 29 (SIGIO) received
2026/01/21 20:11:02 [notice] 1#1: signal 17 (SIGCHLD) received from 29
2026/01/21 20:11:02 [notice] 1#1: worker process 29 exited with code 0
2026/01/21 20:11:02 [notice] 1#1: signal 29 (SIGIO) received
2026/01/21 20:11:02 [notice] 1#1: signal 17 (SIGCHLD) received from 31
2026/01/21 20:11:02 [notice] 1#1: worker process 31 exited with code 0
2026/01/21 20:11:02 [notice] 1#1: worker process 35 exited with code 0
2026/01/21 20:11:02 [notice] 1#1: worker process 37 exited with code 0
2026/01/21 20:11:02 [notice] 1#1: worker process 38 exited with code 0
2026/01/21 20:11:02 [notice] 1#1: signal 29 (SIGIO) received
2026/01/21 20:11:02 [notice] 1#1: signal 17 (SIGCHLD) received from 37
2026/01/21 20:11:02 [notice] 1#1: signal 17 (SIGCHLD) received from 30
2026/01/21 20:11:02 [notice] 1#1: worker process 30 exited with code 0
2026/01/21 20:11:02 [notice] 1#1: signal 29 (SIGIO) received
2026/01/21 20:11:02 [notice] 1#1: signal 17 (SIGCHLD) received from 36
2026/01/21 20:11:02 [notice] 1#1: worker process 36 exited with code 0
2026/01/21 20:11:02 [notice] 1#1: signal 29 (SIGIO) received
2026/01/21 20:11:02 [notice] 1#1: signal 17 (SIGCHLD) received from 39
2026/01/21 20:11:02 [notice] 1#1: worker process 39 exited with code 0
2026/01/21 20:11:02 [notice] 1#1: exit
2026/01/21 20:14:20 [notice] 1#1: using the "epoll" event method
2026/01/21 20:14:20 [notice] 1#1: nginx/1.29.4
2026/01/21 20:14:20 [notice] 1#1: built by gcc 14.2.0 (Debian 14.2.0-19) 
2026/01/21 20:14:20 [notice] 1#1: OS: Linux 6.8.0-90-generic
2026/01/21 20:14:20 [notice] 1#1: getrlimit(RLIMIT_NOFILE): 1024:524288
2026/01/21 20:14:20 [notice] 1#1: start worker processes
2026/01/21 20:14:20 [notice] 1#1: start worker process 28
2026/01/21 20:14:20 [notice] 1#1: start worker process 29
2026/01/21 20:14:20 [notice] 1#1: start worker process 30
2026/01/21 20:14:20 [notice] 1#1: start worker process 31
2026/01/21 20:14:20 [notice] 1#1: start worker process 32
2026/01/21 20:14:20 [notice] 1#1: start worker process 33
2026/01/21 20:14:20 [notice] 1#1: start worker process 34
2026/01/21 20:14:20 [notice] 1#1: start worker process 35
2026/01/21 20:14:20 [notice] 1#1: start worker process 36
2026/01/21 20:14:20 [notice] 1#1: start worker process 37
2026/01/21 20:14:20 [notice] 1#1: start worker process 38
2026/01/21 20:14:20 [notice] 1#1: start worker process 39
2026/01/21 20:59:33 [notice] 1#1: signal 3 (SIGQUIT) received, shutting down
2026/01/21 20:59:33 [notice] 28#28: gracefully shutting down
2026/01/21 20:59:33 [notice] 30#30: gracefully shutting down
2026/01/21 20:59:33 [notice] 29#29: gracefully shutting down
2026/01/21 20:59:33 [notice] 31#31: gracefully shutting down
2026/01/21 20:59:33 [notice] 32#32: gracefully shutting down
2026/01/21 20:59:33 [notice] 34#34: gracefully shutting down
2026/01/21 20:59:33 [notice] 28#28: exiting
2026/01/21 20:59:33 [notice] 30#30: exiting
2026/01/21 20:59:33 [notice] 29#29: exiting
2026/01/21 20:59:33 [notice] 31#31: exiting
2026/01/21 20:59:33 [notice] 32#32: exiting
2026/01/21 20:59:33 [notice] 34#34: exiting
2026/01/21 20:59:33 [notice] 33#33: gracefully shutting down
2026/01/21 20:59:33 [notice] 33#33: exiting
2026/01/21 20:59:33 [notice] 30#30: exit
2026/01/21 20:59:33 [notice] 28#28: exit
2026/01/21 20:59:33 [notice] 32#32: exit
2026/01/21 20:59:33 [notice] 31#31: exit
2026/01/21 20:59:33 [notice] 34#34: exit
2026/01/21 20:59:33 [notice] 29#29: exit
2026/01/21 20:59:33 [notice] 33#33: exit
2026/01/21 20:59:33 [notice] 35#35: gracefully shutting down
2026/01/21 20:59:33 [notice] 36#36: gracefully shutting down
2026/01/21 20:59:33 [notice] 37#37: gracefully shutting down
2026/01/21 20:59:33 [notice] 35#35: exiting
2026/01/21 20:59:33 [notice] 36#36: exiting
2026/01/21 20:59:33 [notice] 37#37: exiting
2026/01/21 20:59:33 [notice] 35#35: exit
2026/01/21 20:59:33 [notice] 36#36: exit
2026/01/21 20:59:33 [notice] 37#37: exit
2026/01/21 20:59:33 [notice] 38#38: gracefully shutting down
2026/01/21 20:59:33 [notice] 38#38: exiting
2026/01/21 20:59:33 [notice] 38#38: exit
2026/01/21 20:59:33 [notice] 39#39: gracefully shutting down
2026/01/21 20:59:33 [notice] 39#39: exiting
2026/01/21 20:59:33 [notice] 39#39: exit
2026/01/21 20:59:33 [notice] 1#1: signal 17 (SIGCHLD) received from 28
2026/01/21 20:59:33 [notice] 1#1: worker process 28 exited with code 0
2026/01/21 20:59:33 [notice] 1#1: signal 29 (SIGIO) received
2026/01/21 20:59:33 [notice] 1#1: signal 17 (SIGCHLD) received from 30
2026/01/21 20:59:33 [notice] 1#1: worker process 30 exited with code 0
2026/01/21 20:59:33 [notice] 1#1: signal 29 (SIGIO) received
2026/01/21 20:59:33 [notice] 1#1: signal 17 (SIGCHLD) received from 35
2026/01/21 20:59:33 [notice] 1#1: worker process 35 exited with code 0
2026/01/21 20:59:33 [notice] 1#1: worker process 32 exited with code 0
2026/01/21 20:59:33 [notice] 1#1: worker process 34 exited with code 0
2026/01/21 20:59:33 [notice] 1#1: worker process 36 exited with code 0
2026/01/21 20:59:33 [notice] 1#1: worker process 38 exited with code 0
2026/01/21 20:59:33 [notice] 1#1: worker process 31 exited with code 0
2026/01/21 20:59:33 [notice] 1#1: worker process 33 exited with code 0
2026/01/21 20:59:33 [notice] 1#1: worker process 39 exited with code 0
2026/01/21 20:59:33 [notice] 1#1: signal 29 (SIGIO) received
2026/01/21 20:59:33 [notice] 1#1: signal 17 (SIGCHLD) received from 32
2026/01/21 20:59:33 [notice] 1#1: signal 17 (SIGCHLD) received from 37
2026/01/21 20:59:33 [notice] 1#1: worker process 37 exited with code 0
2026/01/21 20:59:33 [notice] 1#1: signal 29 (SIGIO) received
2026/01/21 20:59:33 [notice] 1#1: signal 17 (SIGCHLD) received from 29
2026/01/21 20:59:33 [notice] 1#1: worker process 29 exited with code 0
2026/01/21 20:59:33 [notice] 1#1: exit
2026/01/21 21:09:15 [notice] 1#1: using the "epoll" event method
2026/01/21 21:09:15 [notice] 1#1: nginx/1.29.4
2026/01/21 21:09:15 [notice] 1#1: built by gcc 14.2.0 (Debian 14.2.0-19) 
2026/01/21 21:09:15 [notice] 1#1: OS: Linux 6.8.0-90-generic
2026/01/21 21:09:15 [notice] 1#1: getrlimit(RLIMIT_NOFILE): 1024:524288
2026/01/21 21:09:15 [notice] 1#1: start worker processes
2026/01/21 21:09:15 [notice] 1#1: start worker process 28
2026/01/21 21:09:15 [notice] 1#1: start worker process 29
2026/01/21 21:09:15 [notice] 1#1: start worker process 30
2026/01/21 21:09:15 [notice] 1#1: start worker process 31
2026/01/21 21:09:15 [notice] 1#1: start worker process 32
2026/01/21 21:09:15 [notice] 1#1: start worker process 33
2026/01/21 21:09:15 [notice] 1#1: start worker process 34
2026/01/21 21:09:15 [notice] 1#1: start worker process 35
2026/01/21 21:09:15 [notice] 1#1: start worker process 36
2026/01/21 21:09:15 [notice] 1#1: start worker process 37
2026/01/21 21:09:15 [notice] 1#1: start worker process 38
2026/01/21 21:09:15 [notice] 1#1: start worker process 39
2026/01/21 21:12:57 [notice] 1#1: signal 3 (SIGQUIT) received, shutting down
2026/01/21 21:12:57 [notice] 29#29: gracefully shutting down
2026/01/21 21:12:57 [notice] 28#28: gracefully shutting down
2026/01/21 21:12:57 [notice] 30#30: gracefully shutting down
2026/01/21 21:12:57 [notice] 31#31: gracefully shutting down
2026/01/21 21:12:57 [notice] 32#32: gracefully shutting down
2026/01/21 21:12:57 [notice] 33#33: gracefully shutting down
2026/01/21 21:12:57 [notice] 34#34: gracefully shutting down
2026/01/21 21:12:57 [notice] 35#35: gracefully shutting down
2026/01/21 21:12:57 [notice] 29#29: exiting
2026/01/21 21:12:57 [notice] 28#28: exiting
2026/01/21 21:12:57 [notice] 32#32: exiting
2026/01/21 21:12:57 [notice] 33#33: exiting
2026/01/21 21:12:57 [notice] 30#30: exiting
2026/01/21 21:12:57 [notice] 31#31: exiting
2026/01/21 21:12:57 [notice] 36#36: gracefully shutting down
2026/01/21 21:12:57 [notice] 34#34: exiting
2026/01/21 21:12:57 [notice] 35#35: exiting
2026/01/21 21:12:57 [notice] 36#36: exiting
2026/01/21 21:12:57 [notice] 31#31: exit
2026/01/21 21:12:57 [notice] 33#33: exit
2026/01/21 21:12:57 [notice] 28#28: exit
2026/01/21 21:12:57 [notice] 29#29: exit
2026/01/21 21:12:57 [notice] 32#32: exit
2026/01/21 21:12:57 [notice] 34#34: exit
2026/01/21 21:12:57 [notice] 35#35: exit
2026/01/21 21:12:57 [notice] 30#30: exit
2026/01/21 21:12:57 [notice] 36#36: exit
2026/01/21 21:12:57 [notice] 38#38: gracefully shutting down
2026/01/21 21:12:57 [notice] 38#38: exiting
2026/01/21 21:12:57 [notice] 37#37: gracefully shutting down
2026/01/21 21:12:57 [notice] 37#37: exiting
2026/01/21 21:12:57 [notice] 38#38: exit
2026/01/21 21:12:57 [notice] 39#39: gracefully shutting down
2026/01/21 21:12:57 [notice] 37#37: exit
2026/01/21 21:12:57 [notice] 39#39: exiting
2026/01/21 21:12:57 [notice] 39#39: exit
2026/01/21 21:12:57 [notice] 1#1: signal 17 (SIGCHLD) received from 33
2026/01/21 21:12:57 [notice] 1#1: worker process 30 exited with code 0
2026/01/21 21:12:57 [notice] 1#1: worker process 33 exited with code 0
2026/01/21 21:12:57 [notice] 1#1: worker process 34 exited with code 0
2026/01/21 21:12:57 [notice] 1#1: worker process 36 exited with code 0
2026/01/21 21:12:57 [notice] 1#1: worker process 31 exited with code 0
2026/01/21 21:12:57 [notice] 1#1: worker process 38 exited with code 0
2026/01/21 21:12:57 [notice] 1#1: signal 29 (SIGIO) received
2026/01/21 21:12:57 [notice] 1#1: signal 17 (SIGCHLD) received from 30
2026/01/21 21:12:57 [notice] 1#1: signal 17 (SIGCHLD) received from 28
2026/01/21 21:12:57 [notice] 1#1: worker process 28 exited with code 0
2026/01/21 21:12:57 [notice] 1#1: worker process 37 exited with code 0
2026/01/21 21:12:57 [notice] 1#1: signal 29 (SIGIO) received
2026/01/21 21:12:57 [notice] 1#1: signal 17 (SIGCHLD) received from 37
2026/01/21 21:12:57 [notice] 1#1: signal 17 (SIGCHLD) received from 35
2026/01/21 21:12:57 [notice] 1#1: worker process 29 exited with code 0
2026/01/21 21:12:57 [notice] 1#1: worker process 35 exited with code 0
2026/01/21 21:12:57 [notice] 1#1: signal 29 (SIGIO) received
2026/01/21 21:12:57 [notice] 1#1: signal 17 (SIGCHLD) received from 32
2026/01/21 21:12:57 [notice] 1#1: worker process 32 exited with code 0
2026/01/21 21:12:57 [notice] 1#1: signal 29 (SIGIO) received
2026/01/21 21:12:57 [notice] 1#1: signal 17 (SIGCHLD) received from 39
2026/01/21 21:12:57 [notice] 1#1: worker process 39 exited with code 0
2026/01/21 21:12:57 [notice] 1#1: exit
2026/01/21 21:14:06 [notice] 1#1: using the "epoll" event method
2026/01/21 21:14:06 [notice] 1#1: nginx/1.29.4
2026/01/21 21:14:06 [notice] 1#1: built by gcc 14.2.0 (Debian 14.2.0-19) 
2026/01/21 21:14:06 [notice] 1#1: OS: Linux 6.8.0-90-generic
2026/01/21 21:14:06 [notice] 1#1: getrlimit(RLIMIT_NOFILE): 1024:524288
2026/01/21 21:14:06 [notice] 1#1: start worker processes
2026/01/21 21:14:06 [notice] 1#1: start worker process 28
2026/01/21 21:14:06 [notice] 1#1: start worker process 29
2026/01/21 21:14:06 [notice] 1#1: start worker process 30
2026/01/21 21:14:06 [notice] 1#1: start worker process 31
2026/01/21 21:14:06 [notice] 1#1: start worker process 32
2026/01/21 21:14:06 [notice] 1#1: start worker process 33
2026/01/21 21:14:06 [notice] 1#1: start worker process 34
2026/01/21 21:14:06 [notice] 1#1: start worker process 35
2026/01/21 21:14:06 [notice] 1#1: start worker process 36
2026/01/21 21:14:06 [notice] 1#1: start worker process 37
2026/01/21 21:14:06 [notice] 1#1: start worker process 38
2026/01/21 21:14:06 [notice] 1#1: start worker process 39
2026/01/21 21:15:23 [notice] 1#1: signal 3 (SIGQUIT) received, shutting down
2026/01/21 21:15:23 [notice] 28#28: gracefully shutting down
2026/01/21 21:15:23 [notice] 29#29: gracefully shutting down
2026/01/21 21:15:23 [notice] 30#30: gracefully shutting down
2026/01/21 21:15:23 [notice] 31#31: gracefully shutting down
2026/01/21 21:15:23 [notice] 28#28: exiting
2026/01/21 21:15:23 [notice] 29#29: exiting
2026/01/21 21:15:23 [notice] 33#33: gracefully shutting down
2026/01/21 21:15:23 [notice] 34#34: gracefully shutting down
2026/01/21 21:15:23 [notice] 30#30: exiting
2026/01/21 21:15:23 [notice] 35#35: gracefully shutting down
2026/01/21 21:15:23 [notice] 31#31: exiting
2026/01/21 21:15:23 [notice] 33#33: exiting
2026/01/21 21:15:23 [notice] 37#37: gracefully shutting down
2026/01/21 21:15:23 [notice] 34#34: exiting
2026/01/21 21:15:23 [notice] 35#35: exiting
2026/01/21 21:15:23 [notice] 32#32: gracefully shutting down
2026/01/21 21:15:23 [notice] 36#36: gracefully shutting down
2026/01/21 21:15:23 [notice] 37#37: exiting
2026/01/21 21:15:23 [notice] 29#29: exit
2026/01/21 21:15:23 [notice] 28#28: exit
2026/01/21 21:15:23 [notice] 30#30: exit
2026/01/21 21:15:23 [notice] 32#32: exiting
2026/01/21 21:15:23 [notice] 36#36: exiting
2026/01/21 21:15:23 [notice] 31#31: exit
2026/01/21 21:15:23 [notice] 33#33: exit
2026/01/21 21:15:23 [notice] 34#34: exit
2026/01/21 21:15:23 [notice] 35#35: exit
2026/01/21 21:15:23 [notice] 37#37: exit
2026/01/21 21:15:23 [notice] 36#36: exit
2026/01/21 21:15:23 [notice] 32#32: exit
2026/01/21 21:15:23 [notice] 38#38: gracefully shutting down
2026/01/21 21:15:23 [notice] 38#38: exiting
2026/01/21 21:15:23 [notice] 38#38: exit
2026/01/21 21:15:23 [notice] 39#39: gracefully shutting down
2026/01/21 21:15:23 [notice] 39#39: exiting
2026/01/21 21:15:23 [notice] 39#39: exit
2026/01/21 21:15:23 [notice] 1#1: signal 17 (SIGCHLD) received from 28
2026/01/21 21:15:23 [notice] 1#1: worker process 28 exited with code 0
2026/01/21 21:15:23 [notice] 1#1: signal 29 (SIGIO) received
2026/01/21 21:15:23 [notice] 1#1: signal 17 (SIGCHLD) received from 35
2026/01/21 21:15:23 [notice] 1#1: worker process 35 exited with code 0
2026/01/21 21:15:23 [notice] 1#1: signal 29 (SIGIO) received
2026/01/21 21:15:23 [notice] 1#1: signal 17 (SIGCHLD) received from 34
2026/01/21 21:15:23 [notice] 1#1: worker process 34 exited with code 0
2026/01/21 21:15:23 [notice] 1#1: signal 29 (SIGIO) received
2026/01/21 21:15:23 [notice] 1#1: signal 17 (SIGCHLD) received from 32
2026/01/21 21:15:23 [notice] 1#1: worker process 32 exited with code 0
2026/01/21 21:15:23 [notice] 1#1: signal 29 (SIGIO) received
2026/01/21 21:15:23 [notice] 1#1: signal 17 (SIGCHLD) received from 38
2026/01/21 21:15:23 [notice] 1#1: worker process 38 exited with code 0
2026/01/21 21:15:23 [notice] 1#1: signal 29 (SIGIO) received
2026/01/21 21:15:23 [notice] 1#1: signal 17 (SIGCHLD) received from 30
2026/01/21 21:15:23 [notice] 1#1: worker process 30 exited with code 0
2026/01/21 21:15:23 [notice] 1#1: signal 29 (SIGIO) received
2026/01/21 21:15:23 [notice] 1#1: signal 17 (SIGCHLD) received from 33
2026/01/21 21:15:23 [notice] 1#1: worker process 33 exited with code 0
2026/01/21 21:15:23 [notice] 1#1: signal 29 (SIGIO) received
2026/01/21 21:15:23 [notice] 1#1: signal 17 (SIGCHLD) received from 39
2026/01/21 21:15:23 [notice] 1#1: worker process 29 exited with code 0
2026/01/21 21:15:23 [notice] 1#1: worker process 39 exited with code 0
2026/01/21 21:15:23 [notice] 1#1: signal 29 (SIGIO) received
2026/01/21 21:15:23 [notice] 1#1: signal 17 (SIGCHLD) received from 36
2026/01/21 21:15:23 [notice] 1#1: worker process 36 exited with code 0
2026/01/21 21:15:23 [notice] 1#1: signal 29 (SIGIO) received
2026/01/21 21:15:23 [notice] 1#1: signal 17 (SIGCHLD) received from 31
2026/01/21 21:15:23 [notice] 1#1: worker process 31 exited with code 0
2026/01/21 21:15:23 [notice] 1#1: signal 17 (SIGCHLD) received from 37
2026/01/21 21:15:23 [notice] 1#1: worker process 37 exited with code 0
2026/01/21 21:15:23 [notice] 1#1: exit
2026/01/21 21:15:33 [notice] 1#1: using the "epoll" event method
2026/01/21 21:15:33 [notice] 1#1: nginx/1.29.4
2026/01/21 21:15:33 [notice] 1#1: built by gcc 14.2.0 (Debian 14.2.0-19) 
2026/01/21 21:15:33 [notice] 1#1: OS: Linux 6.8.0-90-generic
2026/01/21 21:15:33 [notice] 1#1: getrlimit(RLIMIT_NOFILE): 1024:524288
2026/01/21 21:15:33 [notice] 1#1: start worker processes
2026/01/21 21:15:33 [notice] 1#1: start worker process 28
2026/01/21 21:15:33 [notice] 1#1: start worker process 29
2026/01/21 21:15:33 [notice] 1#1: start worker process 30
2026/01/21 21:15:33 [notice] 1#1: start worker process 31
2026/01/21 21:15:33 [notice] 1#1: start worker process 32
2026/01/21 21:15:33 [notice] 1#1: start worker process 33
2026/01/21 21:15:33 [notice] 1#1: start worker process 34
2026/01/21 21:15:33 [notice] 1#1: start worker process 35
2026/01/21 21:15:33 [notice] 1#1: start worker process 36
2026/01/21 21:15:33 [notice] 1#1: start worker process 37
2026/01/21 21:15:33 [notice] 1#1: start worker process 38
2026/01/21 21:15:33 [notice] 1#1: start worker process 39
